"../../../Engine/Content/Animation/DefaultAnimCurveCompressionSettings.uasset" 0
"../../../Engine/Content/Functions/Engine_MaterialFunctions01/Opacity/CameraDepthFade.uasset" 1
"../../../Engine/Content/EngineMaterials/T_Default_Material_Grid_M.uasset" 2
"../../../Engine/Content/EngineMaterials/T_Default_Material_Grid_N.uasset" 3
"../../../Engine/Content/EngineMaterials/WorldGridMaterial.uasset" 4
"../../../Engine/Content/ArtTools/RenderToTexture/Meshes/S_1_Unit_Plane.uasset" 5
"../../../Engine/Content/EngineMaterials/DefaultMaterial.uasset" 6
"../../../Engine/Content/BasicShapes/Cone.uasset" 7
"../../../Engine/Content/BasicShapes/Cube.uasset" 8
"../../../Engine/Content/BasicShapes/Cylinder.uasset" 9
"../../../Engine/Content/BasicShapes/Plane.uasset" 10
"../../../Engine/Content/EditorLandscapeResources/DataLayer.uasset" 11
"../../../Engine/Content/EditorLandscapeResources/DefaultAlphaTexture.uasset" 12
"../../../Engine/Content/EditorMaterials/GizmoMaterial.uasset" 13
"../../../Engine/Content/EditorMaterials/MAT_Groups_Toggle.uasset" 14
"../../../Engine/Content/EditorMaterials/MAT_Groups_Visibility.uasset" 15
"../../../Engine/Content/EditorMaterials/PreviewShadowIndicator.uasset" 16
"../../../Engine/Content/EditorMaterials/PreviewShadowIndicatorMaterial.uasset" 17
"../../../Engine/Content/EditorMaterials/MatineeGroups/MAT_ColorTrack.uasset" 18
"../../../Engine/Content/EditorMaterials/MatineeGroups/MAT_Groups_Anim.uasset" 19
"../../../Engine/Content/EditorMaterials/MatineeGroups/MAT_Groups_AudioMaster.uasset" 20
"../../../Engine/Content/EditorMaterials/MatineeGroups/MAT_Groups_Director.uasset" 21
"../../../Engine/Content/EditorMaterials/MatineeGroups/MAT_Groups_Event.uasset" 22
"../../../Engine/Content/EditorMaterials/MatineeGroups/MAT_Groups_Fade.uasset" 23
"../../../Engine/Content/EditorMaterials/MatineeGroups/MAT_Groups_Float.uasset" 24
"../../../Engine/Content/EditorMaterials/MatineeGroups/MAT_Groups_Move.uasset" 25
"../../../Engine/Content/EditorMaterials/MatineeGroups/MAT_Groups_Slomo.uasset" 26
"../../../Engine/Content/EditorMaterials/MatineeGroups/MAT_Groups_Sound.uasset" 27
"../../../Engine/Content/EditorMaterials/MatineeGroups/MAT_Groups_Vector.uasset" 28
"../../../Engine/Content/EditorMaterials/ParticleSystems/PSysThumbnail_NoImage.uasset" 29
"../../../Engine/Content/EditorMaterials/ParticleSystems/PSysThumbnail_OOD.uasset" 30
"../../../Engine/Content/EditorMaterials/Camera/CineMat.uasset" 31
"../../../Engine/Content/EditorMaterials/Camera/MI_CineMat_Rig.uasset" 32
"../../../Engine/Content/EditorMeshes/Camera/SM_CraneRig_Arm.uasset" 33
"../../../Engine/Content/EditorMeshes/Camera/SM_CraneRig_Base.uasset" 34
"../../../Engine/Content/EditorMeshes/Camera/SM_CraneRig_Body.uasset" 35
"../../../Engine/Content/EditorMeshes/Camera/SM_CraneRig_Mount.uasset" 36
"../../../Engine/Content/EditorMeshes/Camera/SM_RailRig_Mount.uasset" 37
"../../../Engine/Content/EditorMeshes/Camera/SM_RailRig_Track.uasset" 38
"../../../Engine/Content/EditorResources/BSPVertex.uasset" 39
"../../../Engine/Content/EditorResources/S_Actor.uasset" 40
"../../../Engine/Content/EditorResources/S_Note.uasset" 41
"../../../Engine/Content/EditorResources/S_Solver.uasset" 42
"../../../Engine/Content/EditorResources/S_Terrain.uasset" 43
"../../../Engine/Content/EditorResources/S_Trigger.uasset" 44
"../../../Engine/Content/EditorResources/SequenceRecorder/Countdown.uasset" 45
"../../../Engine/Content/EditorResources/SequenceRecorder/RecordingIndicator.uasset" 46
"../../../Engine/Content/EditorSounds/Notifications/CompileFailed.uasset" 47
"../../../Engine/Content/EditorSounds/Notifications/CompileFailed_Cue.uasset" 48
"../../../Engine/Content/EditorSounds/Notifications/CompileSuccess.uasset" 49
"../../../Engine/Content/EditorSounds/Notifications/CompileStart_Cue.uasset" 50
"../../../Engine/Content/EditorSounds/Notifications/CompileSuccess_Cue.uasset" 51
"../../../Engine/Content/EngineDamageTypes/DmgTypeBP_Environmental.uasset" 52
"../../../Engine/Content/EngineDebugMaterials/HeatmapGradient.uasset" 53
"../../../Engine/Content/EngineDebugMaterials/BoneWeightMaterial.uasset" 54
"../../../Engine/Content/EngineDebugMaterials/ClothMaterial.uasset" 55
"../../../Engine/Content/EngineDebugMaterials/ClothMaterial_WF.uasset" 56
"../../../Engine/Content/EngineDebugMaterials/DebugEditorMaterial.uasset" 57
"../../../Engine/Content/EngineDebugMaterials/DebugMeshMaterial.uasset" 58
"../../../Engine/Content/EngineDebugMaterials/GeomMaterial.uasset" 59
"../../../Engine/Content/EngineDebugMaterials/M_SimpleTranslucent.uasset" 60
"../../../Engine/Content/Functions/Engine_MaterialFunctions02/Utility/CameraDirectionVector.uasset" 61
"../../../Engine/Content/EngineDebugMaterials/VolumeToRender.uasset" 62
"../../../Engine/Content/EngineDebugMaterials/M_VolumeRenderSphereTracePP.uasset" 63
"../../../Engine/Content/EngineDebugMaterials/WireframeMaterial.uasset" 64
"../../../Engine/Content/EngineFonts/Faces/RobotoBold.uasset" 65
"../../../Engine/Content/EngineFonts/Faces/RobotoBoldItalic.uasset" 66
"../../../Engine/Content/EngineFonts/Faces/RobotoItalic.uasset" 67
"../../../Engine/Content/EngineFonts/Faces/RobotoLight.uasset" 68
"../../../Engine/Content/EngineFonts/Faces/RobotoRegular.uasset" 69
"../../../Engine/Content/EngineFonts/Roboto.uasset" 70
"../../../Engine/Content/EngineMaterials/BaseFlattenDiffuseMap.uasset" 71
"../../../Engine/Content/EngineMaterials/BaseFlattenEmissiveMap.uasset" 72
"../../../Engine/Content/EngineMaterials/BaseFlattenGrayscaleMap.uasset" 73
"../../../Engine/Content/EngineMaterials/BaseFlattenNormalMap.uasset" 74
"../../../Engine/Content/EngineMaterials/BaseFlattenMaterial.uasset" 75
"../../../Engine/Content/EngineMaterials/BlueNoise.uasset" 76
"../../../Engine/Content/EngineMaterials/DefaultBloomKernel.uasset" 77
"../../../Engine/Content/EngineMaterials/DefaultBokeh.uasset" 78
"../../../Engine/Content/EngineMaterials/DefaultDiffuse.uasset" 79
"../../../Engine/Content/EngineMaterials/DefaultDeferredDecalMaterial.uasset" 80
"../../../Engine/Content/EngineMaterials/DefaultLightFunctionMaterial.uasset" 81
"../../../Engine/Content/EngineMaterials/DefaultPhysicalMaterial.uasset" 82
"../../../Engine/Content/Functions/Engine_MaterialFunctions02/Utility/BreakOutFloat2Components.uasset" 83
"../../../Engine/Content/EngineMaterials/DefaultPostProcessMaterial.uasset" 84
"../../../Engine/Content/EngineFonts/RobotoDistanceField.uasset" 85
"../../../Engine/Content/EngineMaterials/DefaultTextMaterialOpaque.uasset" 86
"../../../Engine/Content/EngineMaterials/DefaultVirtualTextureMaterial.uasset" 87
"../../../Engine/Content/EngineMaterials/DefaultWhiteGrid.uasset" 88
"../../../Engine/Content/EngineMaterials/EditorBrushMaterial.uasset" 89
"../../../Engine/Content/EngineMaterials/DefaultWhiteGrid_Low.uasset" 90
"../../../Engine/Content/EngineMaterials/EmissiveMeshMaterial.uasset" 91
"../../../Engine/Content/EngineMaterials/Good64x64TilingNoiseHighFreq.uasset" 92
"../../../Engine/Content/EngineMaterials/MiniFont.uasset" 93
"../../../Engine/Content/EngineMaterials/InvalidLightmapSettings.uasset" 94
"../../../Engine/Content/EngineMaterials/M_InvalidLightmapSettings.uasset" 95
"../../../Engine/Content/Functions/Engine_MaterialFunctions02/WorldPositionOffset/CameraOffset.uasset" 96
"../../../Engine/Content/EngineMaterials/PhAT_JointLimitMaterial.uasset" 97
"../../../Engine/Content/EngineMaterials/PreintegratedSkinBRDF.uasset" 98
"../../../Engine/Content/EngineMaterials/RemoveSurfaceMaterial.uasset" 99
"../../../Engine/Content/EngineMaterials/WeightMapPlaceholderTexture.uasset" 100
"../../../Engine/Content/EngineResources/WhiteSquareTexture.uasset" 101
"../../../Engine/Content/EngineMaterials/Widget3DPassThrough.uasset" 102
"../../../Engine/Content/EngineMaterials/Widget3DPassThrough_Masked.uasset" 103
"../../../Engine/Content/EngineMaterials/Widget3DPassThrough_Opaque.uasset" 104
"../../../Engine/Content/EngineMaterials/Widget3DPassThrough_Masked_OneSided.uasset" 105
"../../../Engine/Content/EngineMaterials/Widget3DPassThrough_Opaque_OneSided.uasset" 106
"../../../Engine/Content/EngineMaterials/Widget3DPassThrough_Translucent.uasset" 107
"../../../Engine/Content/EngineMaterials/Widget3DPassThrough_Translucent_OneSided.uasset" 108
"../../../Engine/Content/EngineMeshes/Cylinder.uasset" 109
"../../../Engine/Content/EngineMeshes/Sphere.uasset" 110
"../../../Engine/Content/EngineResources/DefaultTexture.uasset" 111
"../../../Engine/Content/EngineResources/DefaultTextureCube.uasset" 112
"../../../Engine/Content/EngineResources/DefaultVolumeTexture2D.uasset" 113
"../../../Engine/Content/EngineResources/DefaultVolumeTexture.uasset" 114
"../../../Engine/Content/EngineResources/GradientTexture0.uasset" 115
"../../../Engine/Content/EngineSounds/Master.uasset" 116
"../../../Engine/Content/Functions/Engine_MaterialFunctions01/Shading/ConvertFromDiffSpec.uasset" 117
"../../../Engine/Content/Functions/Engine_MaterialFunctions01/Shading/PowerToRoughness.uasset" 118
"../../../Engine/Content/Maps/Templates/Thumbnails/Default.uasset" 119
"../../../Engine/Content/Maps/Templates/Thumbnails/VR-Basic.uasset" 120
"../../../Engine/Content/MobileResources/T_MobileControls_texture.uasset" 121
"../../../Engine/Content/MobileResources/T_MobileMenu2.uasset" 122
"../../../Engine/Content/MobileResources/HUD/AnalogHat.uasset" 123
"../../../Engine/Content/MobileResources/HUD/VirtualJoystick_Background.uasset" 124
"../../../Engine/Content/MobileResources/HUD/VirtualJoystick_Thumb.uasset" 125
"../../../Engine/Content/MobileResources/HUD/DefaultVirtualJoysticks.uasset" 126
"../../../Engine/Content/MobileResources/HUD/LeftVirtualJoystickOnly.uasset" 127
"../../../Engine/Content/MobileResources/HUD/MobileHUDButton1_off.uasset" 128
"../../../Engine/Content/MobileResources/HUD/MobileHUDButton1_on.uasset" 129
"../../../Engine/Content/MobileResources/HUD/MobileHUDButton2_off.uasset" 130
"../../../Engine/Content/MobileResources/HUD/MobileHUDButton2_on.uasset" 131
"../../../Engine/Content/MobileResources/HUD/MobileHUDButton3.uasset" 132
"../../../Engine/Content/MobileResources/HUD/MobileHUDButtonFire.uasset" 133
"../../../Engine/Content/MobileResources/HUD/MobileHUDDirectionPad.uasset" 134
"../../../Engine/Content/MobileResources/HUD/MobileHUDDirectionPad2.uasset" 135
"../../../Engine/Content/MobileResources/HUD/MobileHUDDirectionPad3.uasset" 136
"../../../Engine/Content/MobileResources/HUD/MobileHUDDirectionStick.uasset" 137
"../../../Engine/Content/MobileResources/HUD/T_Castle_ThumbstickInner.uasset" 138
"../../../Engine/Content/MobileResources/HUD/T_Castle_ThumbstickOutter.uasset" 139
"../../../Engine/Content/Tutorial/ContentIntroCurve.uasset" 140
"../../../Engine/Content/Tutorial/Basics/LevelEditorAttract.uasset" 141
"../../../Engine/Content/Tutorial/Basics/TutorialAssets/icon_tab_Levels_40x.uasset" 142
"../../../Engine/Content/Tutorial/Basics/LevelEditorOverview.uasset" 143
"../../../Engine/Content/Tutorial/BlueprintTutorials/TutorialAssets/Blueprint_64x.uasset" 144
"../../../Engine/Content/Tutorial/BlueprintTutorials/BlueprintEditorTutorial.uasset" 145
"../../../Engine/Content/Tutorial/Installation/InstallingVisualStudioTutorial.uasset" 146
"../../../Engine/Content/VREditor/LaserPointer/VR_LaserPower_01.uasset" 147
"../../../Engine/Content/VREditor/TransformGizmo/TransformGizmoMaterial.uasset" 148
"../../../Engine/Content/VREditor/TransformGizmo/TranslucentTransformGizmoMaterial.uasset" 149
"../../../Engine/Content/VREditor/TransformGizmo/BoundingBoxCorner.uasset" 150
"../../../Engine/Content/VREditor/TransformGizmo/BoundingBoxEdge.uasset" 151
"../../../Engine/Content/VREditor/TransformGizmo/PlaneTranslationHandle.uasset" 152
"../../../Engine/Content/VREditor/TransformGizmo/Main.uasset" 153
"../../../Engine/Content/VREditor/TransformGizmo/Xray.uasset" 154
"../../../Engine/Content/VREditor/TransformGizmo/SM_Sequencer_Key.uasset" 155
"../../../Engine/Content/VREditor/TransformGizmo/SM_Sequencer_Node.uasset" 156
"../../Plugins/2D/Paper2D/Content/PlaceholderTextures/DummySpriteTexture.uasset" 157
"../../Plugins/2D/Paper2D/Content/DummySprite.uasset" 158
"../../Plugins/2D/Paper2D/Content/DefaultPaperTerrainMaterial.uasset" 159
"../../Plugins/2D/Paper2D/Content/DummySpriteTexture.uasset" 160
"../../Plugins/2D/Paper2D/Content/DefaultSpriteMaterial.uasset" 161
"../../Plugins/2D/Paper2D/Content/MaskedUnlitSpriteMaterial.uasset" 162
"../../Plugins/2D/Paper2D/Content/OpaqueUnlitSpriteMaterial.uasset" 163
"../../../Engine/Content/Functions/Engine_MaterialFunctions02/Texturing/CustomRotator.uasset" 164
"../../Plugins/Enterprise/DatasmithContent/Content/Materials/C4DMasterUV.uasset" 165
"../../Plugins/Enterprise/DatasmithContent/Content/Materials/TileMirrorAxis.uasset" 166
"../../Plugins/Enterprise/DatasmithContent/Content/Materials/UVEdit.uasset" 167
"../../../Engine/Content/Functions/Engine_MaterialFunctions01/Texturing/FlattenNormal.uasset" 168
"../../../Engine/Content/Functions/Engine_MaterialFunctions02/HueShift.uasset" 169
"../../../Engine/Content/ArtTools/RenderToTexture/Textures/127grey.uasset" 170
"../../../Engine/Content/EditorLandscapeResources/WhiteSquareTexture.uasset" 171
"../../../Engine/Content/EngineMaterials/T_Default_Normal.uasset" 172
"../../../Engine/Content/EngineResources/Black.uasset" 173
"../../Plugins/Enterprise/DatasmithContent/Content/Materials/C4DMaster.uasset" 174
"../../../Engine/Content/EngineMaterials/FlatNormal.uasset" 175
"../../Plugins/Enterprise/DatasmithContent/Content/Materials/CE_BaseMaster.uasset" 176
"../../Plugins/Enterprise/DatasmithContent/Content/Materials/CE_OpacityMaster.uasset" 177
"../../Plugins/Enterprise/DatasmithContent/Content/Materials/CE_OpacitySimpleMaster.uasset" 178
"../../Plugins/Enterprise/DatasmithContent/Content/Materials/CE_OpaqueMaster.uasset" 179
"../../../Engine/Content/Functions/Engine_MaterialFunctions03/Procedurals/NormalFromHeightmap.uasset" 180
"../../Plugins/Enterprise/DatasmithContent/Content/Materials/RevitMaster.uasset" 181
"../../Plugins/Enterprise/DatasmithContent/Content/Materials/SketchUpMaster.uasset" 182
"../../Plugins/Enterprise/DatasmithContent/Content/Materials/FBXImporter/DeltaGenUVEdit.uasset" 183
"../../Plugins/Enterprise/DatasmithContent/Content/Materials/FBXImporter/DeltaGenBase.uasset" 184
"../../Plugins/Enterprise/DatasmithContent/Content/Materials/FBXImporter/DeltaGenMaster.uasset" 185
"../../Plugins/Enterprise/DatasmithContent/Content/Materials/FBXImporter/DeltaGenMasterTransparent.uasset" 186
"../../Plugins/Enterprise/DatasmithContent/Content/Materials/FBXImporter/VRED/VREDRepeatMode.uasset" 187
"../../../Engine/Content/Functions/Engine_MaterialFunctions02/WorldPositionOffset/LocalPosition.uasset" 188
"../../Plugins/Enterprise/DatasmithContent/Content/Materials/FBXImporter/VRED/PlanarMapping.uasset" 189
"../../../Engine/Content/Functions/Engine_MaterialFunctions02/Utility/MakeFloat3.uasset" 190
"../../Plugins/Enterprise/DatasmithContent/Content/Materials/FBXImporter/VRED/ProcessNormal.uasset" 191
"../../../Engine/Content/Functions/Engine_MaterialFunctions02/Utility/MakeFloat2.uasset" 192
"../../../Engine/Content/Functions/Engine_MaterialFunctions02/Utility/VectorLength.uasset" 193
"../../../Engine/Content/Functions/Engine_MaterialFunctions02/WorldPositionOffset/ObjectScale.uasset" 194
"../../Plugins/Enterprise/DatasmithContent/Content/Materials/FBXImporter/VRED/TriplanarMapping.uasset" 195
"../../Plugins/Enterprise/DatasmithContent/Content/Materials/FBXImporter/VRED/UVMapping.uasset" 196
"../../Plugins/Enterprise/DatasmithContent/Content/Materials/FBXImporter/VRED/VREDTextureRead.uasset" 197
"../../../Engine/Content/Functions/Engine_MaterialFunctions01/Texturing/BakedDisplacement.uasset" 198
"../../../Engine/Content/Functions/Engine_MaterialFunctions02/Fresnel_Function.uasset" 199
"../../../Engine/Content/Functions/MaterialLayerFunctions/MatLayerBlend_Simple.uasset" 200
"../../Plugins/Enterprise/DatasmithContent/Content/Materials/FBXImporter/VRED/BrushedMetal.uasset" 201
"../../Plugins/Enterprise/DatasmithContent/Content/Materials/FBXImporter/VRED/Chrome.uasset" 202
"../../../Engine/Content/Functions/Engine_MaterialFunctions01/Texturing/ComputeMipLevel.uasset" 203
"../../../Engine/Content/Functions/Engine_MaterialFunctions01/Texturing/TextureCropping.uasset" 204
"../../../Engine/Content/Functions/Engine_MaterialFunctions02/Utility/BreakOutFloat3Components.uasset" 205
"../../../Engine/Content/Functions/Engine_MaterialFunctions02/ExampleContent/DebugNumberStrip.uasset" 206
"../../../Engine/Content/Functions/Engine_MaterialFunctions02/ExampleContent/Textures/DebugNumberPeriod.uasset" 207
"../../../Engine/Content/Functions/Engine_MaterialFunctions02/Utility/DebugScalarValues.uasset" 208
"../../../Engine/Content/Functions/Engine_MaterialFunctions02/Utility/DebugFloat3Values.uasset" 209
"../../../Engine/Content/Functions/Engine_MaterialFunctions02/Math/RGBtoHSV.uasset" 210
"../../Plugins/Enterprise/DatasmithContent/Content/Materials/FBXImporter/VRED/Glass.uasset" 211
"../../Plugins/Enterprise/DatasmithContent/Content/Materials/FBXImporter/VRED/Phong.uasset" 212
"../../Plugins/Enterprise/DatasmithContent/Content/Materials/FBXImporter/VRED/Plastic.uasset" 213
"../../../Engine/Content/Functions/MaterialLayerFunctions/MatLayerBlend_Standard.uasset" 214
"../../../Engine/Content/EditorShapes/Textures/T_ShapeNormal.uasset" 215
"../../Plugins/Enterprise/DatasmithContent/Content/Materials/FBXImporter/VRED/UnicolorCarpaint.uasset" 216
"../../Plugins/Runtime/Oculus/OculusVR/Content/OculusMR_RenderTarget.uasset" 217
"../../../Engine/Content/Functions/Engine_MaterialFunctions02/Utility/BreakOutFloat4Components.uasset" 218
"../../Plugins/Runtime/Oculus/OculusVR/Content/Materials/OculusMR_ChromaKey.uasset" 219
"../../Plugins/Runtime/Oculus/OculusVR/Content/Materials/OculusMR_ChromaKey_Lit.uasset" 220
"../../Plugins/Runtime/Oculus/OculusVR/Content/Materials/OculusMR_OpaqueColoredMaterial.uasset" 221
"../../Plugins/Runtime/Oculus/OculusVR/Content/Materials/OculusMR_WhiteMaterial.uasset" 222
"../../../../../../Users/kgeske/Documents/Unreal Projects/TwinStickShooter/Content/AnimationAssets/UE4_Mannequin/Mesh/UE4_Mannequin_Skeleton.uasset" 223
"../../../../../../Users/kgeske/Documents/Unreal Projects/TwinStickShooter/Content/AnimationAssets/Death_1.uasset" 224
"../../../../../../Users/kgeske/Documents/Unreal Projects/TwinStickShooter/Content/AnimationAssets/Death_2.uasset" 225
"../../../../../../Users/kgeske/Documents/Unreal Projects/TwinStickShooter/Content/AnimationAssets/Death_3.uasset" 226
"../../../../../../Users/kgeske/Documents/Unreal Projects/TwinStickShooter/Content/AnimationAssets/Idle_Rifle_Hip.uasset" 227
"../../../../../../Users/kgeske/Documents/Unreal Projects/TwinStickShooter/Content/AnimationAssets/Jog_Bwd_Rifle.uasset" 228
"../../../../../../Users/kgeske/Documents/Unreal Projects/TwinStickShooter/Content/AnimationAssets/Jog_Fwd_Rifle.uasset" 229
"../../../../../../Users/kgeske/Documents/Unreal Projects/TwinStickShooter/Content/AnimationAssets/Jog_Lt_Rifle.uasset" 230
"../../../../../../Users/kgeske/Documents/Unreal Projects/TwinStickShooter/Content/AnimationAssets/Jog_Rt_Rifle.uasset" 231
"../../../../../../Users/kgeske/Documents/Unreal Projects/TwinStickShooter/Content/AnimationAssets/HeroBlend.uasset" 232
"../../../Engine/Content/EditorBlueprintResources/StandardMacros.uasset" 233
"../../../../../../Users/kgeske/Documents/Unreal Projects/TwinStickShooter/Content/AnimationAssets/CharacterAnimBP.uasset" 234
"../../../../../../Users/kgeske/Documents/Unreal Projects/TwinStickShooter/Content/AnimationAssets/Enemy_Idle.uasset" 235
"../../../../../../Users/kgeske/Documents/Unreal Projects/TwinStickShooter/Content/AnimationAssets/Enemy_Walk.uasset" 236
"../../../../../../Users/kgeske/Documents/Unreal Projects/TwinStickShooter/Content/AnimationAssets/EnemyBlend.uasset" 237
"../../../../../../Users/kgeske/Documents/Unreal Projects/TwinStickShooter/Content/AnimationAssets/EnemyAnimBP.uasset" 238
"../../../../../../Users/kgeske/Documents/Unreal Projects/TwinStickShooter/Content/Blueprints/EnemyAi.uasset" 239
"../../../../../../Users/kgeske/Documents/Unreal Projects/TwinStickShooter/Content/Blueprints/iDamageable.uasset" 240
"../../../../../../Users/kgeske/Documents/Unreal Projects/TwinStickShooter/Content/Blueprints/TwinStickMode.uasset" 241
"../../../../../../Users/kgeske/Documents/Unreal Projects/TwinStickShooter/Content/Materials/ProjectileMat.uasset" 242
"../../../Engine/Content/BasicShapes/Sphere.uasset" 243
"../../../../../../Users/kgeske/Documents/Unreal Projects/TwinStickShooter/Content/Blueprints/Projectile.uasset" 244
"../../../Engine/Content/Functions/Engine_MaterialFunctions01/Shading/MetallicShading.uasset" 245
"../../../Engine/Content/Functions/Engine_MaterialFunctions02/Utility/BlendAngleCorrectedNormals.uasset" 246
"../../../Engine/Content/Functions/MaterialLayerFunctions/MatLayerBlend_AO.uasset" 247
"../../../Engine/Content/Functions/MaterialLayerFunctions/MatLayerBlend_NormalBlend.uasset" 248
"../../../../../../Users/kgeske/Documents/Unreal Projects/TwinStickShooter/Content/FPWeapon/Materials/MF_BaseColorTintAndContrast.uasset" 249
"../../../../../../Users/kgeske/Documents/Unreal Projects/TwinStickShooter/Content/FPWeapon/Materials/MF_RoughnessAdjustment.uasset" 250
"../../../../../../Users/kgeske/Documents/Unreal Projects/TwinStickShooter/Content/FPWeapon/Materials/MaterialLayers/T_ML_FineRubber.uasset" 251
"../../../../../../Users/kgeske/Documents/Unreal Projects/TwinStickShooter/Content/FPWeapon/Materials/MaterialLayers/T_ML_Rubber_Blue_01_D.uasset" 252
"../../../../../../Users/kgeske/Documents/Unreal Projects/TwinStickShooter/Content/FPWeapon/Materials/MaterialLayers/T_ML_Rubber_Blue_01_N.uasset" 253
"../../../../../../Users/kgeske/Documents/Unreal Projects/TwinStickShooter/Content/FPWeapon/Textures/UE4_Mannequin_occlusion_Mobile.uasset" 254
"../../../../../../Users/kgeske/Documents/Unreal Projects/TwinStickShooter/Content/FPWeapon/Materials/MaterialLayers/ML_GlossyBlack_Latex_UE4.uasset" 255
"../../../../../../Users/kgeske/Documents/Unreal Projects/TwinStickShooter/Content/FPWeapon/Materials/MaterialLayers/ML_Plastic_Shiny_Beige.uasset" 256
"../../../../../../Users/kgeske/Documents/Unreal Projects/TwinStickShooter/Content/FPWeapon/Textures/UE4_LOGO_CARD.uasset" 257
"../../../../../../Users/kgeske/Documents/Unreal Projects/TwinStickShooter/Content/FPWeapon/Materials/MaterialLayers/ML_Plastic_Shiny_Beige_LOGO.uasset" 258
"../../../../../../Users/kgeske/Documents/Unreal Projects/TwinStickShooter/Content/FPWeapon/Materials/MaterialLayers/T_ML_Aluminum01.uasset" 259
"../../../../../../Users/kgeske/Documents/Unreal Projects/TwinStickShooter/Content/FPWeapon/Materials/MaterialLayers/T_ML_Aluminum01_N.uasset" 260
"../../../../../../Users/kgeske/Documents/Unreal Projects/TwinStickShooter/Content/FPWeapon/Materials/MaterialLayers/ML_SoftMetal_UE4.uasset" 261
"../../../../../../Users/kgeske/Documents/Unreal Projects/TwinStickShooter/Content/FPWeapon/Textures/T_FPGun_AO.uasset" 262
"../../../../../../Users/kgeske/Documents/Unreal Projects/TwinStickShooter/Content/FPWeapon/Textures/T_FPGun_M.uasset" 263
"../../../../../../Users/kgeske/Documents/Unreal Projects/TwinStickShooter/Content/FPWeapon/Textures/T_FPGun_N.uasset" 264
"../../../../../../Users/kgeske/Documents/Unreal Projects/TwinStickShooter/Content/FPWeapon/Materials/M_FPGun.uasset" 265
"../../../../../../Users/kgeske/Documents/Unreal Projects/TwinStickShooter/Content/FPWeapon/Materials/MI_FPGun.uasset" 266
"../../../../../../Users/kgeske/Documents/Unreal Projects/TwinStickShooter/Content/FPWeapon/Mesh/SK_FPGun_PhysicsAsset.uasset" 267
"../../../../../../Users/kgeske/Documents/Unreal Projects/TwinStickShooter/Content/FPWeapon/Mesh/SK_FPGun_Skeleton.uasset" 268
"../../../../../../Users/kgeske/Documents/Unreal Projects/TwinStickShooter/Content/FPWeapon/Mesh/SK_FPGun.uasset" 269
"../../../../../../Users/kgeske/Documents/Unreal Projects/TwinStickShooter/Content/Blueprints/Weapon.uasset" 270
"../../../../../../Users/kgeske/Documents/Unreal Projects/TwinStickShooter/Content/AnimationAssets/UE4_Mannequin/Materials/MaterialLayers/T_ML_Rubber_Blue_01_D.uasset" 271
"../../../../../../Users/kgeske/Documents/Unreal Projects/TwinStickShooter/Content/AnimationAssets/UE4_Mannequin/Materials/MaterialLayers/T_ML_Rubber_Blue_01_N.uasset" 272
"../../../../../../Users/kgeske/Documents/Unreal Projects/TwinStickShooter/Content/AnimationAssets/UE4_Mannequin/Materials/MaterialLayers/ML_GlossyBlack_Latex_UE4.uasset" 273
"../../../../../../Users/kgeske/Documents/Unreal Projects/TwinStickShooter/Content/AnimationAssets/UE4_Mannequin/Materials/MaterialLayers/ML_Plastic_Shiny_Beige.uasset" 274
"../../../../../../Users/kgeske/Documents/Unreal Projects/TwinStickShooter/Content/AnimationAssets/UE4_Mannequin/Textures/UE4_LOGO_CARD.uasset" 275
"../../../../../../Users/kgeske/Documents/Unreal Projects/TwinStickShooter/Content/AnimationAssets/UE4_Mannequin/Materials/MaterialLayers/ML_Plastic_Shiny_Beige_LOGO.uasset" 276
"../../../../../../Users/kgeske/Documents/Unreal Projects/TwinStickShooter/Content/AnimationAssets/UE4_Mannequin/Materials/MaterialLayers/T_ML_Aluminum01.uasset" 277
"../../../../../../Users/kgeske/Documents/Unreal Projects/TwinStickShooter/Content/AnimationAssets/UE4_Mannequin/Materials/MaterialLayers/T_ML_Aluminum01_N.uasset" 278
"../../../../../../Users/kgeske/Documents/Unreal Projects/TwinStickShooter/Content/AnimationAssets/UE4_Mannequin/Materials/MaterialLayers/ML_SoftMetal_UE4.uasset" 279
"../../../../../../Users/kgeske/Documents/Unreal Projects/TwinStickShooter/Content/AnimationAssets/UE4_Mannequin/Textures/UE4_Mannequin__normals.uasset" 280
"../../../../../../Users/kgeske/Documents/Unreal Projects/TwinStickShooter/Content/AnimationAssets/UE4_Mannequin/Textures/UE4_Mannequin_MAT_MASKA.uasset" 281
"../../../../../../Users/kgeske/Documents/Unreal Projects/TwinStickShooter/Content/AnimationAssets/UE4_Mannequin/Textures/UE4_Mannequin_occlusion_Mobile.uasset" 282
"../../../../../../Users/kgeske/Documents/Unreal Projects/TwinStickShooter/Content/AnimationAssets/UE4_Mannequin/Materials/M_UE4Man_Body.uasset" 283
"../../../../../../Users/kgeske/Documents/Unreal Projects/TwinStickShooter/Content/AnimationAssets/UE4_Mannequin/Textures/UE4Man_Logo_N.uasset" 284
"../../../../../../Users/kgeske/Documents/Unreal Projects/TwinStickShooter/Content/AnimationAssets/UE4_Mannequin/Materials/M_UE4Man_ChestLogo.uasset" 285
"../../../../../../Users/kgeske/Documents/Unreal Projects/TwinStickShooter/Content/AnimationAssets/UE4_Mannequin/Mesh/SK_Mannequin_PhysicsAsset.uasset" 286
"../../../../../../Users/kgeske/Documents/Unreal Projects/TwinStickShooter/Content/AnimationAssets/UE4_Mannequin/Mesh/SK_Mannequin.uasset" 287
"../../../../../../Users/kgeske/Documents/Unreal Projects/TwinStickShooter/Content/Blueprints/TwinStickHUD.uasset" 288
"../../../../../../Users/kgeske/Documents/Unreal Projects/TwinStickShooter/Content/Blueprints/HeroCharacter.uasset" 289
"../../../../../../Users/kgeske/Documents/Unreal Projects/TwinStickShooter/Content/Blueprints/EnemyCharacter.uasset" 290
"../../../../../../Users/kgeske/Documents/Unreal Projects/TwinStickShooter/Content/Blueprints/EnemySpawner.uasset" 291
"../../../../../../Users/kgeske/Documents/Unreal Projects/TwinStickShooter/Content/Maps/ArenaMap_BuiltData.uasset" 292
"../../../../../../Users/kgeske/Documents/Unreal Projects/TwinStickShooter/Content/StarterContent/Textures/T_CobbleStone_Rough_D.uasset" 293
"../../../../../../Users/kgeske/Documents/Unreal Projects/TwinStickShooter/Content/StarterContent/Textures/T_CobbleStone_Rough_N.uasset" 294
"../../../../../../Users/kgeske/Documents/Unreal Projects/TwinStickShooter/Content/StarterContent/Textures/T_Gradinet_01.uasset" 295
"../../../../../../Users/kgeske/Documents/Unreal Projects/TwinStickShooter/Content/StarterContent/Textures/T_Rock_Smooth_Granite_D.uasset" 296
"../../../../../../Users/kgeske/Documents/Unreal Projects/TwinStickShooter/Content/StarterContent/Materials/M_CobbleStone_Rough.uasset" 297
"../../../../../../Users/kgeske/Documents/Unreal Projects/TwinStickShooter/Content/StarterContent/Textures/T_Concrete_Grime_D.uasset" 298
"../../../../../../Users/kgeske/Documents/Unreal Projects/TwinStickShooter/Content/StarterContent/Textures/T_MacroVariation.uasset" 299
"../../../../../../Users/kgeske/Documents/Unreal Projects/TwinStickShooter/Content/StarterContent/Textures/T_Metal_Rust_N.uasset" 300
"../../../../../../Users/kgeske/Documents/Unreal Projects/TwinStickShooter/Content/StarterContent/Textures/T_Perlin_Noise_M.uasset" 301
"../../../../../../Users/kgeske/Documents/Unreal Projects/TwinStickShooter/Content/StarterContent/Materials/M_Concrete_Grime.uasset" 302
"../../../../../../Users/kgeske/Documents/Unreal Projects/TwinStickShooter/Content/StarterContent/HDRI/HDRI_Epic_Courtyard_Daylight.uasset" 303
"../../../../../../Users/kgeske/Documents/Unreal Projects/TwinStickShooter/Content/Maps/ArenaMap.umap" 304
"../../../Engine/Content/Maps/Entry_BuiltData.uasset" 305
"../../../Engine/Content/Maps/Entry.umap" 306
